Line 43: Class MSComCtl2.DTPicker of control DTPicker1 was not a loaded control class.
Line 55: Class MSFlexGridLib.MSFlexGrid of control Grid1 was not a loaded control class.
Line 69: Class MSComCtl2.DTPicker of control DTPicker2 was not a loaded control class.
Line 49: The property name _ExtentX in DTPicker1 is invalid.
Line 50: The property name _ExtentY in DTPicker1 is invalid.
Line 51: The property name _Version in DTPicker1 is invalid.
Line 52: The property name Format in DTPicker1 is invalid.
Line 53: The property name CurrentDate in DTPicker1 is invalid.
Line 61: The property name _ExtentX in Grid1 is invalid.
Line 62: The property name _ExtentY in Grid1 is invalid.
Line 63: The property name _Version in Grid1 is invalid.
Line 64: The property name Rows in Grid1 is invalid.
Line 65: The property name Cols in Grid1 is invalid.
Line 66: The property name FixedRows in Grid1 is invalid.
Line 67: The property name FixedCols in Grid1 is invalid.
Line 75: The property name _ExtentX in DTPicker2 is invalid.
Line 76: The property name _ExtentY in DTPicker2 is invalid.
Line 77: The property name _Version in DTPicker2 is invalid.
Line 78: The property name Format in DTPicker2 is invalid.
Line 79: The property name CurrentDate in DTPicker2 is invalid.
Line 49: The property name _ExtentX in DTPicker1 is invalid.
Line 50: The property name _ExtentY in DTPicker1 is invalid.
Line 51: The property name _Version in DTPicker1 is invalid.
Line 52: The property name Format in DTPicker1 is invalid.
Line 53: The property name CurrentDate in DTPicker1 is invalid.
Line 61: The property name _ExtentX in Grid1 is invalid.
Line 62: The property name _ExtentY in Grid1 is invalid.
Line 63: The property name _Version in Grid1 is invalid.
Line 64: The property name Rows in Grid1 is invalid.
Line 65: The property name Cols in Grid1 is invalid.
Line 66: The property name FixedRows in Grid1 is invalid.
Line 67: The property name FixedCols in Grid1 is invalid.
Line 75: The property name _ExtentX in DTPicker2 is invalid.
Line 76: The property name _ExtentY in DTPicker2 is invalid.
Line 77: The property name _Version in DTPicker2 is invalid.
Line 78: The property name Format in DTPicker2 is invalid.
Line 79: The property name CurrentDate in DTPicker2 is invalid.
